<?xml version="1.0" encoding="utf-8"?><testsuites name="pytest tests"><testsuite name="pytest" errors="0" failures="0" skipped="0" tests="14" time="3.219" timestamp="2026-04-16T17:18:53.345112+00:00" hostname="agent-env-77d4004c-f7c4-46e4-b6f3-e447242faf40"><testcase classname="backend.tests.test_crewz_api.TestHealthAndProducts" name="test_products_endpoint" time="0.299" /><testcase classname="backend.tests.test_crewz_api.TestNewsletter" name="test_newsletter_subscribe_success" time="0.332" /><testcase classname="backend.tests.test_crewz_api.TestNewsletter" name="test_newsletter_duplicate_email" time="0.413" /><testcase classname="backend.tests.test_crewz_api.TestContact" name="test_contact_submit_success" time="0.224" /><testcase classname="backend.tests.test_crewz_api.TestContact" name="test_contact_missing_fields" time="0.165" /><testcase classname="backend.tests.test_crewz_api.TestOrders" name="test_create_order_success" time="0.142" /><testcase classname="backend.tests.test_crewz_api.TestOrders" name="test_create_order_multiple_items" time="0.200" /><testcase classname="backend.tests.test_crewz_api.TestOrders" name="test_create_order_invalid_product" time="0.201" /><testcase classname="backend.tests.test_crewz_api.TestOrders" name="test_track_order_success" time="0.259" /><testcase classname="backend.tests.test_crewz_api.TestOrders" name="test_track_order_not_found" time="0.124" /><testcase classname="backend.tests.test_crewz_api.TestAuth" name="test_auth_me_unauthenticated" time="0.119" /><testcase classname="backend.tests.test_crewz_api.TestAuth" name="test_admin_orders_unauthenticated" time="0.206" /><testcase classname="backend.tests.test_crewz_api.TestAuth" name="test_admin_stats_unauthenticated" time="0.161" /><testcase classname="backend.tests.test_crewz_api.TestCurrencyConversion" name="test_aud_currency_conversion" time="0.208" /></testsuite></testsuites>