<?xml version="1.0" encoding="utf-8"?><testsuites name="pytest tests"><testsuite name="pytest" errors="0" failures="0" skipped="0" tests="14" time="2.351" timestamp="2026-04-21T10:08:03.252278+00:00" hostname="agent-env-77d4004c-f7c4-46e4-b6f3-e447242faf40"><testcase classname="backend.tests.test_crewz_api.TestHealthAndProducts" name="test_products_endpoint" time="0.265" /><testcase classname="backend.tests.test_crewz_api.TestNewsletter" name="test_newsletter_subscribe_success" time="0.169" /><testcase classname="backend.tests.test_crewz_api.TestNewsletter" name="test_newsletter_duplicate_email" time="0.295" /><testcase classname="backend.tests.test_crewz_api.TestContact" name="test_contact_submit_success" time="0.126" /><testcase classname="backend.tests.test_crewz_api.TestContact" name="test_contact_missing_fields" time="0.103" /><testcase classname="backend.tests.test_crewz_api.TestOrders" name="test_create_order_success" time="0.151" /><testcase classname="backend.tests.test_crewz_api.TestOrders" name="test_create_order_multiple_items" time="0.116" /><testcase classname="backend.tests.test_crewz_api.TestOrders" name="test_create_order_invalid_product" time="0.099" /><testcase classname="backend.tests.test_crewz_api.TestOrders" name="test_track_order_success" time="0.243" /><testcase classname="backend.tests.test_crewz_api.TestOrders" name="test_track_order_not_found" time="0.105" /><testcase classname="backend.tests.test_crewz_api.TestAuth" name="test_auth_me_unauthenticated" time="0.109" /><testcase classname="backend.tests.test_crewz_api.TestAuth" name="test_admin_orders_unauthenticated" time="0.112" /><testcase classname="backend.tests.test_crewz_api.TestAuth" name="test_admin_stats_unauthenticated" time="0.108" /><testcase classname="backend.tests.test_crewz_api.TestCurrencyConversion" name="test_aud_currency_conversion" time="0.102" /></testsuite></testsuites>